<?xml version="1.0" encoding="UTF-8"?>
<!-- Generated by org.testng.reporters.JUnitReportReporter -->
<testsuite hostname="DESKTOP-M3ANAKJ" failures="0" tests="11" name="parallel.ParallelRun" time="478.230" errors="0" timestamp="04 Apr 2024 02:19:15 GMT" skipped="0">
  <testcase classname="parallel.ParallelRun" name="runScenario" time="49.377"/>
  <testcase classname="parallel.ParallelRun" name="runScenario" time="33.979"/>
  <testcase classname="parallel.ParallelRun" name="runScenario" time="38.920"/>
  <testcase classname="parallel.ParallelRun" name="runScenario" time="50.474"/>
  <testcase classname="parallel.ParallelRun" name="runScenario" time="50.414"/>
  <testcase classname="parallel.ParallelRun" name="runScenario" time="18.211"/>
  <testcase classname="parallel.ParallelRun" name="runScenario" time="50.436"/>
  <testcase classname="parallel.ParallelRun" name="runScenario" time="51.001"/>
  <testcase classname="parallel.ParallelRun" name="runScenario" time="30.550"/>
  <testcase classname="parallel.ParallelRun" name="runScenario" time="50.672"/>
  <testcase classname="parallel.ParallelRun" name="runScenario" time="54.196"/>
</testsuite> <!-- parallel.ParallelRun -->
